2014-окт-02 -> 11:21:40: test run begin
2014-окт-02 -> 11:28:03: test run begin
2014-окт-02 -> 11:33:35: test run begin
2014-окт-02 -> 11:39:04: test run begin
2014-окт-02 -> 11:39:32: test run begin
2014-окт-02 -> 11:40:09: test run begin
2014-окт-02 -> 11:41:28: test run begin
2014-окт-02 -> 11:41:46: test run begin
2014-окт-02 -> 04:23:06: test run begin
2014-окт-02 -> 04:23:25: test run begin
2014-окт-02 -> 04:24:19: test run begin
2014-окт-02 -> 04:25:11: test run begin
2014-окт-02 -> 04:26:38: test run begin
2014-окт-02 -> 04:42:18: test run begin
2014-окт-02 -> 04:59:31: test run begin
2014-окт-02 -> 05:01:14: test run begin
2014-окт-02 -> 05:02:22: test run begin
2014-окт-02 -> 05:02:42: test run begin
2014-окт-02 -> 05:03:28: test run begin
2014-окт-02 -> 05:04:57: test run begin
2014-окт-02 -> 05:05:24: test run begin
2014-окт-02 -> 05:05:51: test run begin
2014-окт-02 -> 05:10:05: test run begin
2014-окт-02 -> 05:10:44: test run begin
2014-окт-02 -> 05:12:10: test run begin
2014-окт-02 -> 05:12:34: test run begin
2014-окт-02 -> 05:13:08: test run begin
2014-окт-02 -> 05:15:25: test run begin
2014-окт-02 -> 05:20:14: test run begin
2014-окт-02 -> 05:22:25: test run begin
2014-окт-02 -> 05:23:35: test run begin
2014-окт-02 -> 05:25:02: test run begin
2014-окт-02 -> 05:25:33: test run begin
2014-окт-02 -> 05:25:57: test run begin
2014-окт-02 -> 05:26:32: test run begin
2014-окт-02 -> 05:27:24: test run begin
2014-окт-02 -> 05:27:41: test run begin
2014-окт-02 -> 05:28:02: test run begin
2014-окт-02 -> 05:28:29: test run begin
2014-окт-02 -> 05:28:46: test run begin
2014-окт-02 -> 05:31:12: test run begin
2014-окт-02 -> 05:31:42: test run begin
2014-окт-02 -> 05:31:55: test run begin
2014-окт-02 -> 05:33:24: test run begin
2014-окт-02 -> 05:33:45: test run begin
2014-окт-02 -> 05:34:33: test run begin
2014-окт-02 -> 05:34:45: test run begin
2014-окт-02 -> 05:36:21: test run begin
2014-окт-02 -> 05:36:43: test run begin
2014-окт-02 -> 05:37:20: test run begin
2014-окт-02 -> 05:37:53: test run begin
2014-окт-02 -> 05:39:51: test run begin
2014-окт-02 -> 05:40:06: test run begin
2014-окт-02 -> 05:40:55: test run begin
2014-окт-02 -> 05:41:48: test run begin
2014-окт-02 -> 05:42:03: test run begin
2014-окт-02 -> 05:42:40: test run begin
2014-окт-02 -> 05:49:37: test run begin
2014-окт-02 -> 05:50:42: test run begin
2014-окт-02 -> 05:50:49: test run begin
2014-окт-02 -> 05:51:59: test run begin
2014-окт-02 -> 05:52:15: test run begin
2014-окт-02 -> 05:54:22: test run begin
2014-окт-02 -> 05:55:26: test run begin
2014-окт-02 -> 05:55:40: test run begin
2014-окт-02 -> 05:56:03: test run begin
2014-окт-02 -> 05:56:49: test run begin
2014-окт-02 -> 06:01:59: test run begin
2014-окт-02 -> 06:02:54: test run begin
2014-окт-02 -> 06:17:21: test run begin
2014-окт-02 -> 06:31:15: test run begin
2014-окт-02 -> 06:32:38: test run begin
2014-окт-02 -> 06:33:04: test run begin
2014-окт-02 -> 06:35:13: test run begin
2014-окт-02 -> 06:36:08: test run begin
2014-окт-02 -> 06:37:26: test run begin
2014-окт-02 -> 06:38:10: test run begin
2014-окт-02 -> 06:44:05: test run begin
2014-окт-02 -> 06:44:27: test run begin
2014-окт-02 -> 06:44:53: test run begin
2014-окт-02 -> 06:46:01: test run begin
2014-окт-02 -> 06:47:56: test run begin
2014-окт-02 -> 06:48:17: test run begin
2014-окт-02 -> 06:49:01: test run begin
2014-окт-03 -> 09:44:00: test run begin
2014-окт-03 -> 09:45:50: test run begin
2014-окт-03 -> 09:51:49: test run begin
2014-окт-03 -> 09:52:33: test run begin
2014-окт-03 -> 10:00:34: test run begin
2014-окт-03 -> 10:01:17: test run begin
2014-окт-03 -> 10:04:25: test run begin
2014-окт-03 -> 10:04:45: test run begin
2014-окт-03 -> 10:05:47: test run begin
2014-окт-03 -> 10:11:32: test run begin
2014-окт-03 -> 10:32:18: test run begin
2014-окт-03 -> 10:32:59: test run begin
2014-окт-03 -> 10:33:49: test run begin
2014-окт-03 -> 10:36:02: test run begin
2014-окт-03 -> 11:55:10: 266992 run begin
2014-окт-03 -> 11:55:13: 266992 : step_03 : userStopLogin (InfoService): некорректный тип блокировки [ожидаемо: 2, актуально:1]; логин: 0894966721
2014-окт-03 -> 11:55:13: 266992 run end
2014-окт-03 -> 11:55:37: 266992 run begin
2014-окт-03 -> 11:55:39: 266992 : step_03 : userStopLogin (InfoService): некорректный тип блокировки [ожидаемо: 2, актуально:0]; логин: 0894966722
2014-окт-03 -> 11:55:39: 266992 run end
2014-окт-03 -> 12:04:34: 266992 run begin
2014-окт-03 -> 12:04:44: 266992 : step_03 : userStopLogin (InfoService): некорректный тип блокировки [ожидаемо: 2, актуально:0]; логин: 0894966724
2014-окт-03 -> 12:04:44: 266992 run end
2014-окт-03 -> 12:05:56: 266992 run begin
2014-окт-03 -> 12:06:08: 266992 : step_03 : userStopLogin (InfoService): некорректный тип блокировки [ожидаемо: 2, актуально:0]; логин: 0894966725
2014-окт-03 -> 12:06:08: 266992 run end
2014-окт-03 -> 12:06:33: 266992 run begin
2014-окт-03 -> 12:09:55: 266992 run begin
2014-окт-03 -> 12:10:11: 266992 : step_03 : userStopLogin (InfoService): некорректный тип блокировки [ожидаемо: 2, актуально:0]; логин: 0894966727
2014-окт-03 -> 12:10:11: 266992 run end
2014-окт-03 -> 12:10:40: 266992 run begin
2014-окт-03 -> 12:10:58: 266992 : step_03 : userStopLogin (InfoService): некорректный тип блокировки [ожидаемо: 2, актуально:0]; логин: 0894966728
2014-окт-03 -> 12:10:58: 266992 run end
2014-окт-03 -> 12:13:14: 266992 run begin
2014-окт-03 -> 12:13:42: 266992 run end
2014-окт-03 -> 12:14:34: 266992 run begin
2014-окт-03 -> 12:14:51: 266992 run end
2014-окт-03 -> 12:15:05: 266992 run begin
2014-окт-03 -> 12:15:12: 266992 run end
2014-окт-03 -> 12:15:37: 266992 run begin
2014-окт-03 -> 12:15:39: 266992 : step_03 : userStopLogin (InfoService): некорректный тип блокировки [ожидаемо: 2, актуально:0]; логин: 0894966732
2014-окт-03 -> 12:15:39: 266992 run end
2014-окт-03 -> 12:35:08: 266993 run begin
2014-окт-03 -> 12:35:16: 266993 run end
2014-окт-03 -> 12:36:04: 266993 run begin
2014-окт-03 -> 12:36:40: 266993 run begin
2014-окт-03 -> 12:36:40: ORA-01403: no data found
ORA-06512: at "INAC.API", line 4616
ORA-06512: at "INAC.API", line 516
ORA-06512: at "INAC.API", line 1037
ORA-06512: at "INAC.NEW_ABON_FOR_TEST", line 189
ORA-06512: at line 1

2014-окт-03 -> 12:36:48: 266993 run end
2014-окт-03 -> 12:37:19: 266993 run begin
2014-окт-03 -> 12:37:40: 266993 run begin
2014-окт-03 -> 12:37:47: 266993 : step_03 : userStopLogin (InfoService): некорректный вывод метода getNextBCSum (InfoService) [ожидаемо: 32, актуально:32.0]; логин: 0894972850
2014-окт-03 -> 12:37:47: 266993 run end
2014-окт-03 -> 12:40:34: 266993 run begin
2014-окт-03 -> 12:40:41: 266993 run end
2014-окт-03 -> 12:41:16: 266993 run begin
2014-окт-03 -> 12:41:23: 266993 run end
2014-окт-03 -> 12:43:00: 266993 run begin
2014-окт-03 -> 12:44:10: 266993 run begin
2014-окт-03 -> 12:44:17: 266993 run end
2014-окт-03 -> 05:32:22: ORA-12170: TNS:Connect timeout occurred

2014-окт-03 -> 05:32:22: Ошибка: не найден номер шага в stacktrace. Возникает, когда появляется 'ошибка на предыдущем шаге', т.к. метод, описывающий шаг, не запускался, и соот-но его нет в stacktrace
2014-окт-03 -> 05:32:22: 244033 : След. шаг : Тест-кейс не выполнялся, т.к. были ошибки при инициализации [DB: False; Browser: True]
2014-окт-03 -> 05:32:22: Ошибка: не найден номер шага в stacktrace. Возникает, когда появляется 'ошибка на предыдущем шаге', т.к. метод, описывающий шаг, не запускался, и соот-но его нет в stacktrace
2014-окт-03 -> 05:33:37: ORA-12170: TNS:Connect timeout occurred

2014-окт-03 -> 05:33:37: Ошибка: не найден номер шага в stacktrace. Возникает, когда появляется 'ошибка на предыдущем шаге', т.к. метод, описывающий шаг, не запускался, и соот-но его нет в stacktrace
2014-окт-03 -> 05:33:37: 244033 : След. шаг : Тест-кейс не выполнялся, т.к. были ошибки при инициализации [DB: False; Browser: True]
2014-окт-03 -> 05:33:37: Ошибка: не найден номер шага в stacktrace. Возникает, когда появляется 'ошибка на предыдущем шаге', т.к. метод, описывающий шаг, не запускался, и соот-но его нет в stacktrace
2014-окт-03 -> 06:01:29: ORA-12170: TNS:Connect timeout occurred

2014-окт-03 -> 06:01:30: Ошибка: не найден номер шага в stacktrace. Возникает, когда появляется 'ошибка на предыдущем шаге', т.к. метод, описывающий шаг, не запускался, и соот-но его нет в stacktrace
2014-окт-03 -> 06:01:30: 244033 : След. шаг : Тест-кейс не выполнялся, т.к. были ошибки при инициализации [DB: False; Browser: True]
2014-окт-03 -> 06:01:30: Ошибка: не найден номер шага в stacktrace. Возникает, когда появляется 'ошибка на предыдущем шаге', т.к. метод, описывающий шаг, не запускался, и соот-но его нет в stacktrace
