2016-янв-27 -> 09:31:37: ReportDetailUnbilled run end
2016-янв-27 -> 09:31:54: OfflineDetailsByBill run begin
2016-янв-27 -> 09:32:31: Unable to locate element: {"method":"xpath","selector":"//div[@class='ui-messages-error ui-corner-all']//span[@class='ui-messages-error-summary']"}
2016-янв-27 -> 09:33:07: Unable to locate element: {"method":"xpath","selector":"//div[@class='ui-messages-error ui-corner-all']//span[@class='ui-messages-error-summary']"}
2016-янв-27 -> 09:33:07: Object reference not set to an instance of an object.
2016-янв-27 -> 12:31:03: DistributionPayment run begin
2016-янв-27 -> 12:32:01: Unable to locate element: {"method":"xpath","selector":"//div[@class='ui-messages-error ui-corner-all']//span[@class='ui-messages-error-summary']"}
2016-янв-27 -> 12:32:24: Unable to locate element: {"method":"xpath","selector":"//div[@class='ui-messages-error ui-corner-all']//span[@class='ui-messages-error-summary']"}
2016-янв-27 -> 12:32:24: Object reference not set to an instance of an object.
2016-янв-27 -> 12:32:34: Unable to locate element: {"method":"xpath","selector":"//a[contains(@id,'reports')]"}
2016-янв-27 -> 12:32:34: Object reference not set to an instance of an object.
2016-янв-27 -> 12:33:20: Unable to locate element: {"method":"xpath","selector":"//tbody[@id='distributionBalance:abonents_data']//tr[@data-ri='3']"}
2016-янв-27 -> 12:33:20: Object reference not set to an instance of an object.
2016-янв-27 -> 12:33:30: Unable to locate element: {"method":"xpath","selector":"//table[@id='distributionBalance:abonents_data']//tr[@data-ri='0']"}
2016-янв-27 -> 12:33:30: Object reference not set to an instance of an object.
2016-янв-27 -> 12:33:42: Element not found in the cache - perhaps the page has changed since it was looked up
2016-янв-27 -> 12:33:52: Unable to locate element: {"method":"xpath","selector":"//a[contains(@id,'mobileButtons') and contains(text(),'Распределение баланса')]"}
2016-янв-27 -> 12:33:52: Object reference not set to an instance of an object.
2016-янв-27 -> 12:34:03: Unable to locate element: {"method":"xpath","selector":"//tbody[@id='distributionBalance:abonents_data']//tr[@data-ri='3']"}
2016-янв-27 -> 12:34:03: Object reference not set to an instance of an object.
2016-янв-27 -> 12:34:13: Unable to locate element: {"method":"xpath","selector":"//table[@id='distributionBalance:abonents_data']//tr[@data-ri='0']"}
2016-янв-27 -> 12:34:13: Object reference not set to an instance of an object.
2016-янв-27 -> 12:34:29: Element is disabled and so may not be used for actions
2016-янв-27 -> 12:34:50: Unable to locate element: {"method":"xpath","selector":"//span[text()='Да']"}
2016-янв-27 -> 12:34:50: Object reference not set to an instance of an object.
2016-янв-27 -> 12:35:25: Element not found in the cache - perhaps the page has changed since it was looked up
2016-янв-27 -> 12:35:36: Element not found in the cache - perhaps the page has changed since it was looked up
2016-янв-27 -> 12:35:53: Element is disabled and so may not be used for actions
2016-янв-27 -> 12:36:15: Unable to locate element: {"method":"xpath","selector":"//span[text()='Да']"}
2016-янв-27 -> 12:36:15: Object reference not set to an instance of an object.
2016-янв-27 -> 12:36:49: Unable to locate element: {"method":"xpath","selector":"//div[contains(@class,'ui-cell-editor-output')][2]"}
2016-янв-27 -> 12:36:49: Object reference not set to an instance of an object.
2016-янв-27 -> 12:36:59: Unable to locate element: {"method":"xpath","selector":"//div[contains(@class,'ui-cell-editor-input')][2]//input"}
2016-янв-27 -> 12:36:59: Object reference not set to an instance of an object.
2016-янв-27 -> 12:37:21: Unable to locate element: {"method":"xpath","selector":"//input[contains(@id,'distributionBalance') and contains(@id,'umInput')]"}
2016-янв-27 -> 12:37:21: Object reference not set to an instance of an object.
2016-янв-27 -> 12:37:31: Unable to locate element: {"method":"xpath","selector":"//input[contains(@id,'distributionBalance') and contains(@id,'umInput')]"}
2016-янв-27 -> 12:37:31: Object reference not set to an instance of an object.
2016-янв-27 -> 12:37:46: Element is disabled and so may not be used for actions
2016-янв-27 -> 12:38:08: Unable to locate element: {"method":"xpath","selector":"//span[text()='Да']"}
2016-янв-27 -> 12:38:08: Object reference not set to an instance of an object.
2016-янв-27 -> 12:38:18: Unable to locate element: {"method":"xpath","selector":"//a[contains(@id,'reports')]"}
2016-янв-27 -> 12:38:28: Unable to locate element: {"method":"xpath","selector":"//a[@onclick='toggleHierarchyPopup()']"}
2016-янв-27 -> 12:38:38: Unable to locate element: {"method":"xpath","selector":"//span[@class='expandable' and text()='Договоры']"}
2016-янв-27 -> 12:38:38: Object reference not set to an instance of an object.
2016-янв-27 -> 12:39:16: Unable to locate element: {"method":"xpath","selector":"//input[contains(@id,'distributionBalance') and contains(@id,'umInput')]"}
2016-янв-27 -> 12:39:16: Object reference not set to an instance of an object.
2016-янв-27 -> 12:39:29: Unable to locate element: {"method":"xpath","selector":"//tbody[@id='distributionBalance:abonents_data']//tr[@data-ri='3']"}
2016-янв-27 -> 12:39:29: Object reference not set to an instance of an object.
2016-янв-27 -> 12:39:39: Unable to locate element: {"method":"xpath","selector":"//table[@id='distributionBalance:abonents_data']//tr[@data-ri='0']"}
2016-янв-27 -> 12:39:39: Object reference not set to an instance of an object.
2016-янв-27 -> 12:39:51: Unable to locate element: {"method":"xpath","selector":"//tbody[@id='distributionBalance:abonents_data']//tr[@data-ri='3']"}
2016-янв-27 -> 12:39:51: Object reference not set to an instance of an object.
2016-янв-27 -> 12:40:02: Unable to locate element: {"method":"xpath","selector":"//table[@id='distributionBalance:abonents_data']//tr[@data-ri='0']"}
2016-янв-27 -> 12:40:02: Object reference not set to an instance of an object.
2016-янв-27 -> 12:40:47: Unable to locate element: {"method":"xpath","selector":"//div[@class='ui-messages-error ui-corner-all']//span[@class='ui-messages-error-summary']"}
2016-янв-27 -> 12:41:09: Unable to locate element: {"method":"xpath","selector":"//div[@class='ui-messages-error ui-corner-all']//span[@class='ui-messages-error-summary']"}
2016-янв-27 -> 12:41:09: Object reference not set to an instance of an object.
2016-янв-27 -> 12:41:19: Unable to locate element: {"method":"xpath","selector":"//a[contains(@id,'reports')]"}
2016-янв-27 -> 12:41:19: Object reference not set to an instance of an object.
2016-янв-27 -> 12:41:49: DistributionPayment run end
2016-янв-27 -> 12:41:53: ChangeNoSim run begin
2016-янв-27 -> 12:42:24: Unable to locate element: {"method":"xpath","selector":"//div[@class='ui-messages-error ui-corner-all']//span[@class='ui-messages-error-summary']"}
2016-янв-27 -> 12:42:44: Unable to locate element: {"method":"xpath","selector":"//div[@class='ui-messages-error ui-corner-all']//span[@class='ui-messages-error-summary']"}
2016-янв-27 -> 12:42:44: Object reference not set to an instance of an object.
2016-янв-27 -> 12:43:45: Element not found in the cache - perhaps the page has changed since it was looked up
2016-янв-27 -> 12:44:01: Unable to locate element: {"method":"xpath","selector":"//div[@class='ui-dialog ui-widget ui-widget-content ui-corner-all ui-shadow request-confirm-dlg ui-draggable ui-overlay-visible']//span[contains(text(),'Запрос на замену сим карты')]"}
2016-янв-27 -> 12:44:01: Object reference not set to an instance of an object.
2016-янв-27 -> 12:44:11: Unable to locate element: {"method":"xpath","selector":"//span[contains(text(),'Замена SIM-карты невозможна, необходимо разблокировать абонента')]"}
2016-янв-27 -> 12:44:11: Object reference not set to an instance of an object.
2016-янв-27 -> 12:44:22: Unable to locate element: {"method":"xpath","selector":"//span[contains(text(),'Замена SIM-карты невозможна, необходимо разблокировать абонента')]"}
2016-янв-27 -> 12:44:22: Object reference not set to an instance of an object.
2016-янв-27 -> 12:44:34: Unable to locate element: {"method":"xpath","selector":"//span[contains(text(),'Замена SIM-карты невозможна, необходимо разблокировать абонента')]"}
2016-янв-27 -> 12:44:34: Object reference not set to an instance of an object.
2016-янв-27 -> 12:44:45: Unable to locate element: {"method":"xpath","selector":"//span[contains(text(),'Замена SIM-карты невозможна, необходимо разблокировать абонента')]"}
2016-янв-27 -> 12:44:45: Object reference not set to an instance of an object.
2016-янв-27 -> 12:44:56: Unable to locate element: {"method":"xpath","selector":"//span[contains(text(),'Замена SIM-карты невозможна, необходимо разблокировать абонента')]"}
2016-янв-27 -> 12:44:56: Object reference not set to an instance of an object.
2016-янв-27 -> 12:45:08: Unable to locate element: {"method":"xpath","selector":"//span[contains(text(),'Замена SIM-карты невозможна, необходимо разблокировать абонента')]"}
2016-янв-27 -> 12:45:08: Object reference not set to an instance of an object.
2016-янв-27 -> 12:45:19: Unable to locate element: {"method":"xpath","selector":"//span[contains(text(),'Замена SIM-карты невозможна, необходимо разблокировать абонента')]"}
2016-янв-27 -> 12:45:19: Object reference not set to an instance of an object.
2016-янв-27 -> 12:45:30: Unable to locate element: {"method":"xpath","selector":"//span[contains(text(),'Замена SIM-карты невозможна, необходимо разблокировать абонента')]"}
2016-янв-27 -> 12:45:30: Object reference not set to an instance of an object.
2016-янв-27 -> 12:45:41: Unable to locate element: {"method":"xpath","selector":"//span[contains(text(),'Замена SIM-карты невозможна, необходимо разблокировать абонента')]"}
2016-янв-27 -> 12:45:41: Object reference not set to an instance of an object.
2016-янв-27 -> 12:45:52: Unable to locate element: {"method":"xpath","selector":"//span[contains(text(),'Замена SIM-карты невозможна, необходимо разблокировать абонента')]"}
2016-янв-27 -> 12:45:52: Object reference not set to an instance of an object.
2016-янв-27 -> 12:46:03: Unable to locate element: {"method":"xpath","selector":"//span[contains(text(),'Поле обязательно')]"}
2016-янв-27 -> 12:46:03: Object reference not set to an instance of an object.
2016-янв-27 -> 12:46:15: Unable to locate element: {"method":"xpath","selector":"//span[contains(text(),'Поле обязательно')]"}
2016-янв-27 -> 12:46:15: Object reference not set to an instance of an object.
2016-янв-27 -> 12:46:26: Unable to locate element: {"method":"xpath","selector":"//span[contains(text(),'Поле обязательно')]"}
2016-янв-27 -> 12:46:26: Object reference not set to an instance of an object.
2016-янв-27 -> 12:46:37: Unable to locate element: {"method":"xpath","selector":"//span[contains(text(),'Поле обязательно')]"}
2016-янв-27 -> 12:46:37: Object reference not set to an instance of an object.
2016-янв-27 -> 12:46:48: Unable to locate element: {"method":"xpath","selector":"//span[contains(text(),'Поле обязательно')]"}
2016-янв-27 -> 12:46:48: Object reference not set to an instance of an object.
2016-янв-27 -> 12:46:59: Unable to locate element: {"method":"xpath","selector":"//span[contains(text(),'Поле обязательно')]"}
2016-янв-27 -> 12:46:59: Object reference not set to an instance of an object.
2016-янв-27 -> 12:47:11: Unable to locate element: {"method":"xpath","selector":"//span[contains(text(),'Поле обязательно')]"}
2016-янв-27 -> 12:47:11: Object reference not set to an instance of an object.
2016-янв-27 -> 12:47:22: Unable to locate element: {"method":"xpath","selector":"//span[contains(text(),'Поле обязательно')]"}
2016-янв-27 -> 12:47:22: Object reference not set to an instance of an object.
2016-янв-27 -> 12:47:33: Unable to locate element: {"method":"xpath","selector":"//span[contains(text(),'Поле обязательно')]"}
2016-янв-27 -> 12:47:33: Object reference not set to an instance of an object.
2016-янв-27 -> 12:47:44: Unable to locate element: {"method":"xpath","selector":"//span[contains(text(),'Поле обязательно')]"}
2016-янв-27 -> 12:47:44: Object reference not set to an instance of an object.
2016-янв-27 -> 12:47:59: Element not found in the cache - perhaps the page has changed since it was looked up
2016-янв-27 -> 12:48:31: Unable to locate element: {"method":"xpath","selector":"//div[@class='ui-dialog ui-widget ui-widget-content ui-corner-all ui-shadow request-confirm-dlg ui-draggable ui-overlay-visible']//span[contains(text(),'Запрос на замену сим карты')]"}
2016-янв-27 -> 12:48:31: Object reference not set to an instance of an object.
2016-янв-27 -> 12:48:42: Unable to locate element: {"method":"xpath","selector":"//a[@onclick='toggleHierarchyPopup()']"}
2016-янв-27 -> 12:48:43: Object reference not set to an instance of an object.
2016-янв-27 -> 12:49:05: Unable to locate element: {"method":"xpath","selector":"//a[@onclick='toggleHierarchyPopup()']"}
2016-янв-27 -> 12:49:06: Object reference not set to an instance of an object.
2016-янв-27 -> 12:49:46: Element not found in the cache - perhaps the page has changed since it was looked up
2016-янв-27 -> 12:50:12: Unable to locate element: {"method":"xpath","selector":"//input[contains(@id,'newSimNumber')]"}
2016-янв-27 -> 12:50:12: Object reference not set to an instance of an object.
2016-янв-27 -> 12:50:13: ChangeNoSim run end
2016-янв-27 -> 12:50:20: ChangeSim run begin
2016-янв-27 -> 03:17:00: ChangeOfTariffPlan run begin
2016-янв-27 -> 03:17:32: Unable to locate element: {"method":"xpath","selector":"//div[@class='ui-messages-error ui-corner-all']//span[@class='ui-messages-error-summary']"}
2016-янв-27 -> 03:17:57: Unable to locate element: {"method":"xpath","selector":"//div[@class='ui-messages-error ui-corner-all']//span[@class='ui-messages-error-summary']"}
2016-янв-27 -> 03:17:57: Object reference not set to an instance of an object.
2016-янв-27 -> 03:18:54: Unable to locate element: {"method":"xpath","selector":"//div[contains(@class,'service-item tariff-item')][1]//button[contains(@id,'changeButton')]"}
2016-янв-27 -> 03:18:54: Object reference not set to an instance of an object.
2016-янв-27 -> 03:19:46: Unable to locate element: {"method":"xpath","selector":"//div[@class='ui-messages-error ui-corner-all']//span[@class='ui-messages-error-summary']"}
2016-янв-27 -> 03:20:07: Unable to locate element: {"method":"xpath","selector":"//div[@class='ui-messages-error ui-corner-all']//span[@class='ui-messages-error-summary']"}
2016-янв-27 -> 03:20:07: Object reference not set to an instance of an object.
2016-янв-27 -> 03:21:08: Element not found in the cache - perhaps the page has changed since it was looked up
2016-янв-27 -> 03:21:21: Element not found in the cache - perhaps the page has changed since it was looked up
2016-янв-27 -> 03:21:32: Element not found in the cache - perhaps the page has changed since it was looked up
2016-янв-27 -> 03:21:34: ChangeOfTariffPlan run end
2016-фев-01 -> 05:38:49: ServiceManager run begin
2016-фев-01 -> 05:39:26: Unable to locate element: {"method":"xpath","selector":"//div[@class='ui-messages-error ui-corner-all']//span[@class='ui-messages-error-summary']"}
2016-фев-01 -> 05:39:58: Unable to locate element: {"method":"xpath","selector":"//div[@class='ui-messages-error ui-corner-all']//span[@class='ui-messages-error-summary']"}
2016-фев-01 -> 05:39:58: Object reference not set to an instance of an object.
2016-фев-01 -> 05:40:45: ORA-02393: exceeded call limit on CPU usage
ORA-02063: preceding line from RUS38

2016-фев-01 -> 05:40:55: ORA-02393: exceeded call limit on CPU usage
ORA-02063: preceding line from RUS38

2016-фев-01 -> 05:41:27: Unable to locate element: {"method":"xpath","selector":"//div[contains(@id,'PARENT_PP')]//div[@class='ui-outputpanel ui-widget descr']"}
2016-фев-01 -> 05:41:27: Object reference not set to an instance of an object.
2016-фев-01 -> 05:41:47: Unable to locate element: {"method":"xpath","selector":"//div[contains(@class,'service-item')][1]//span[contains(@id,'disconnectingSocDate')]//input"}
2016-фев-01 -> 05:41:57: Unable to locate element: {"method":"xpath","selector":"//div[contains(@class,'service-item')][1]//a[contains(text(),'Не отключать')]"}
2016-фев-01 -> 05:41:57: Object reference not set to an instance of an object.
2016-фев-01 -> 05:42:01: ServiceManager run end
2016-фев-01 -> 05:42:17: ServiceManager run begin
2016-фев-01 -> 05:42:42: Unable to locate element: {"method":"xpath","selector":"//div[@class='ui-messages-error ui-corner-all']//span[@class='ui-messages-error-summary']"}
2016-фев-01 -> 05:43:00: Unable to locate element: {"method":"xpath","selector":"//div[@class='ui-messages-error ui-corner-all']//span[@class='ui-messages-error-summary']"}
2016-фев-01 -> 05:43:00: Object reference not set to an instance of an object.
2016-фев-01 -> 05:43:29: ORA-02393: exceeded call limit on CPU usage
ORA-02063: preceding line from RUS38

2016-фев-01 -> 05:43:39: Unable to locate element: {"method":"xpath","selector":"//div[contains(@id,'servicesCategories')]//span[contains(text(),'SMS-MMS сообщения')]"}
2016-фев-01 -> 05:43:39: Object reference not set to an instance of an object.
2016-фев-01 -> 05:43:54: Unable to locate element: {"method":"xpath","selector":"//div[contains(@class,'service-item')][1]//span[contains(@id,'effectiveDate')]//input"}
2016-фев-01 -> 05:43:54: Object reference not set to an instance of an object.
2016-фев-01 -> 05:44:28: Unable to locate element: {"method":"xpath","selector":"//div[contains(@id,'LTE_INET')]//div[@class='ui-outputpanel ui-widget descr']"}
2016-фев-01 -> 05:44:28: Object reference not set to an instance of an object.
2016-фев-01 -> 05:44:40: ServiceManager run end
2016-фев-01 -> 05:44:51: InvoiceBillsReports run begin
2016-фев-01 -> 05:45:22: Unable to locate element: {"method":"xpath","selector":"//div[@class='ui-messages-error ui-corner-all']//span[@class='ui-messages-error-summary']"}
2016-фев-01 -> 05:45:35: Unable to locate element: {"method":"xpath","selector":"//div[@class='ui-messages-error ui-corner-all']//span[@class='ui-messages-error-summary']"}
2016-фев-01 -> 05:45:35: Object reference not set to an instance of an object.
