2014-дек-13 -> 12:04:33: OnlineDetalization run begin
2014-дек-13 -> 12:05:56: Unable to locate element: {"method":"xpath","selector":"//form[contains(@id,'finInfoIndexPage')]//button[contains(@id,'finInfoIndexPage')]"}
2014-дек-13 -> 12:05:56: Object reference not set to an instance of an object.
2014-дек-13 -> 12:06:29: Unable to locate element: {"method":"xpath","selector":"//form[contains(@id,'finInfoIndexPage')]//a"}
2014-дек-13 -> 12:06:29: Object reference not set to an instance of an object.
2014-дек-13 -> 12:07:01: Element is not currently visible and so may not be interacted with
2014-дек-13 -> 12:07:18: Unable to locate element: {"method":"xpath","selector":"//div[contains(@class,'ui-selectonemenu-items-wrapper')]//li[contains(text(),'За период')]"}
2014-дек-13 -> 12:07:18: Object reference not set to an instance of an object.
2014-дек-13 -> 12:07:28: Unable to locate element: {"method":"xpath","selector":"//div[contains(@class,'ui-selectonemenu-items-wrapper')]//li[contains(text(),'За период')]"}
2014-дек-13 -> 12:07:28: Object reference not set to an instance of an object.
2014-дек-13 -> 12:07:39: Unable to locate element: {"method":"xpath","selector":"//div[contains(@class,'fileds-row')]//div[contains(@id,'calendars')]//input"}
2014-дек-13 -> 12:07:39: Object reference not set to an instance of an object.
2014-дек-13 -> 12:07:49: Unable to locate element: {"method":"xpath","selector":"//div[contains(@class,'datepick-popup')]//div[contains(@class,'datepick-month first')]//div[contains(@class,'datepick-month-header')]"}
2014-дек-13 -> 12:07:49: Object reference not set to an instance of an object.
2014-дек-13 -> 12:08:00: Unable to locate element: {"method":"xpath","selector":"//div[contains(@class,'datepick-popup')]//div[contains(@class,'datepick-month last')]//div[contains(@class,'datepick-month-header')]"}
2014-дек-13 -> 12:08:00: Object reference not set to an instance of an object.
2014-дек-13 -> 12:08:10: Unable to locate element: {"method":"xpath","selector":"//a[contains(@class,'datepick-cmd-prev')]"}
2014-дек-13 -> 12:08:10: Object reference not set to an instance of an object.
2014-дек-13 -> 12:08:20: Unable to locate element: {"method":"xpath","selector":"//div[contains(@class,'datepick-popup')]//div[contains(@class,'datepick-month first')]//div[contains(@class,'datepick-month-header')]"}
2014-дек-13 -> 12:08:20: Object reference not set to an instance of an object.
2014-дек-13 -> 12:08:30: Unable to locate element: {"method":"xpath","selector":"//div[contains(@class,'datepick-popup')]//div[contains(@class,'datepick-month last')]//div[contains(@class,'datepick-month-header')]"}
2014-дек-13 -> 12:08:30: Object reference not set to an instance of an object.
2014-дек-13 -> 12:08:40: Unable to locate element: {"method":"xpath","selector":"//a[contains(@class,'datepick-cmd-prev')]"}
2014-дек-13 -> 12:08:40: Object reference not set to an instance of an object.
2014-дек-13 -> 12:08:50: Unable to locate element: {"method":"xpath","selector":"//div[contains(@class,'datepick-popup')]//div[contains(@class,'datepick-month first')]//div[contains(@class,'datepick-month-header')]"}
2014-дек-13 -> 12:08:50: Object reference not set to an instance of an object.
2014-дек-13 -> 12:09:00: Unable to locate element: {"method":"xpath","selector":"//div[contains(@class,'datepick-popup')]//div[contains(@class,'datepick-month last')]//div[contains(@class,'datepick-month-header')]"}
2014-дек-13 -> 12:09:00: Object reference not set to an instance of an object.
2014-дек-13 -> 12:09:10: Unable to locate element: {"method":"xpath","selector":"//a[contains(@class,'datepick-cmd-prev')]"}
2014-дек-13 -> 12:09:10: Object reference not set to an instance of an object.
2014-дек-13 -> 12:09:22: Unable to locate element: {"method":"xpath","selector":"//div[contains(@class,'datepick-popup')]//div[contains(@class,'datepick-month first')]//div[contains(@class,'datepick-month-header')]"}
2014-дек-13 -> 12:09:22: Object reference not set to an instance of an object.
2014-дек-13 -> 12:09:32: Unable to locate element: {"method":"xpath","selector":"//div[contains(@class,'datepick-popup')]//div[contains(@class,'datepick-month last')]//div[contains(@class,'datepick-month-header')]"}
2014-дек-13 -> 12:09:32: Object reference not set to an instance of an object.
2014-дек-13 -> 12:09:42: Unable to locate element: {"method":"xpath","selector":"//a[contains(@class,'datepick-cmd-prev')]"}
2014-дек-13 -> 12:09:42: Object reference not set to an instance of an object.
2014-дек-13 -> 12:09:52: Unable to locate element: {"method":"xpath","selector":"//div[contains(@class,'datepick-popup')]//div[contains(@class,'datepick-month first')]//div[contains(@class,'datepick-month-header')]"}
2014-дек-13 -> 12:09:52: Object reference not set to an instance of an object.
2014-дек-13 -> 12:10:02: Unable to locate element: {"method":"xpath","selector":"//div[contains(@class,'datepick-popup')]//div[contains(@class,'datepick-month last')]//div[contains(@class,'datepick-month-header')]"}
2014-дек-13 -> 12:10:02: Object reference not set to an instance of an object.
2014-дек-13 -> 12:10:12: Unable to locate element: {"method":"xpath","selector":"//a[contains(@class,'datepick-cmd-prev')]"}
2014-дек-13 -> 12:10:12: Object reference not set to an instance of an object.
2014-дек-13 -> 12:10:22: Unable to locate element: {"method":"xpath","selector":"//div[contains(@class,'datepick-popup')]//div[contains(@class,'datepick-month first')]//div[contains(@class,'datepick-month-header')]"}
2014-дек-13 -> 12:10:22: Object reference not set to an instance of an object.
2014-дек-13 -> 12:10:32: Unable to locate element: {"method":"xpath","selector":"//div[contains(@class,'datepick-popup')]//div[contains(@class,'datepick-month last')]//div[contains(@class,'datepick-month-header')]"}
2014-дек-13 -> 12:10:32: Object reference not set to an instance of an object.
2014-дек-13 -> 12:10:42: Unable to locate element: {"method":"xpath","selector":"//a[contains(@class,'datepick-cmd-prev')]"}
2014-дек-13 -> 12:10:42: Object reference not set to an instance of an object.
2014-дек-13 -> 12:10:52: Unable to locate element: {"method":"xpath","selector":"//div[contains(@class,'datepick-popup')]//div[contains(@class,'datepick-month first')]//div[contains(@class,'datepick-month-header')]"}
2014-дек-13 -> 12:10:52: Object reference not set to an instance of an object.
2014-дек-13 -> 12:11:02: Unable to locate element: {"method":"xpath","selector":"//div[contains(@class,'datepick-popup')]//div[contains(@class,'datepick-month last')]//div[contains(@class,'datepick-month-header')]"}
2014-дек-13 -> 12:11:02: Object reference not set to an instance of an object.
2014-дек-13 -> 12:11:13: Unable to locate element: {"method":"xpath","selector":"//a[contains(@class,'datepick-cmd-prev')]"}
2014-дек-13 -> 12:11:13: Object reference not set to an instance of an object.
2014-дек-13 -> 12:11:24: Unable to locate element: {"method":"xpath","selector":"//div[contains(@class,'datepick-popup')]//div[contains(@class,'datepick-month first')]//div[contains(@class,'datepick-month-header')]"}
2014-дек-13 -> 12:11:24: Object reference not set to an instance of an object.
2014-дек-13 -> 12:11:34: Unable to locate element: {"method":"xpath","selector":"//div[contains(@class,'datepick-popup')]//div[contains(@class,'datepick-month last')]//div[contains(@class,'datepick-month-header')]"}
2014-дек-13 -> 12:11:34: Object reference not set to an instance of an object.
2014-дек-13 -> 12:11:44: Unable to locate element: {"method":"xpath","selector":"//a[contains(@class,'datepick-cmd-prev')]"}
2014-дек-13 -> 12:11:44: Object reference not set to an instance of an object.
2014-дек-13 -> 12:11:54: Unable to locate element: {"method":"xpath","selector":"//div[contains(@class,'datepick-popup')]//div[contains(@class,'datepick-month first')]//div[contains(@class,'datepick-month-header')]"}
2014-дек-13 -> 12:11:54: Object reference not set to an instance of an object.
2014-дек-13 -> 12:12:04: Unable to locate element: {"method":"xpath","selector":"//div[contains(@class,'datepick-popup')]//div[contains(@class,'datepick-month last')]//div[contains(@class,'datepick-month-header')]"}
2014-дек-13 -> 12:12:04: Object reference not set to an instance of an object.
2014-дек-13 -> 12:12:14: Unable to locate element: {"method":"xpath","selector":"//a[contains(@class,'datepick-cmd-prev')]"}
2014-дек-13 -> 12:12:14: Object reference not set to an instance of an object.
2014-дек-13 -> 12:12:24: Unable to locate element: {"method":"xpath","selector":"//div[contains(@class,'datepick-popup')]//div[contains(@class,'datepick-month first')]//div[contains(@class,'datepick-month-header')]"}
2014-дек-13 -> 12:12:24: Object reference not set to an instance of an object.
2014-дек-13 -> 12:12:34: Unable to locate element: {"method":"xpath","selector":"//div[contains(@class,'datepick-popup')]//div[contains(@class,'datepick-month last')]//div[contains(@class,'datepick-month-header')]"}
2014-дек-13 -> 12:12:34: Object reference not set to an instance of an object.
2014-дек-13 -> 12:12:44: Unable to locate element: {"method":"xpath","selector":"//a[contains(@class,'datepick-cmd-prev')]"}
2014-дек-13 -> 12:12:44: Object reference not set to an instance of an object.
2014-дек-13 -> 12:12:55: Unable to locate element: {"method":"xpath","selector":"//div[contains(@class,'datepick-popup')]//div[contains(@class,'datepick-month first')]//div[contains(@class,'datepick-month-header')]"}
2014-дек-13 -> 12:12:55: Object reference not set to an instance of an object.
2014-дек-13 -> 12:13:05: Unable to locate element: {"method":"xpath","selector":"//div[contains(@class,'datepick-popup')]//div[contains(@class,'datepick-month last')]//div[contains(@class,'datepick-month-header')]"}
2014-дек-13 -> 12:13:05: Object reference not set to an instance of an object.
2014-дек-13 -> 12:13:15: Unable to locate element: {"method":"xpath","selector":"//a[contains(@class,'datepick-cmd-prev')]"}
2014-дек-13 -> 12:13:15: Object reference not set to an instance of an object.
2014-дек-13 -> 12:13:26: Unable to locate element: {"method":"xpath","selector":"//div[contains(@class,'datepick-popup')]//div[contains(@class,'datepick-month first')]//div[contains(@class,'datepick-month-header')]"}
2014-дек-13 -> 12:13:26: Object reference not set to an instance of an object.
2014-дек-13 -> 12:13:36: Unable to locate element: {"method":"xpath","selector":"//div[contains(@class,'datepick-popup')]//div[contains(@class,'datepick-month last')]//div[contains(@class,'datepick-month-header')]"}
2014-дек-13 -> 12:13:36: Object reference not set to an instance of an object.
2014-дек-13 -> 12:13:46: Unable to locate element: {"method":"xpath","selector":"//a[contains(@class,'datepick-cmd-prev')]"}
2014-дек-13 -> 12:13:46: Object reference not set to an instance of an object.
2014-дек-13 -> 12:13:56: Unable to locate element: {"method":"xpath","selector":"//div[contains(@class,'datepick-popup')]//div[contains(@class,'datepick-month first')]//div[contains(@class,'datepick-month-header')]"}
2014-дек-13 -> 12:13:56: Object reference not set to an instance of an object.
2014-дек-13 -> 12:14:06: Unable to locate element: {"method":"xpath","selector":"//div[contains(@class,'datepick-popup')]//div[contains(@class,'datepick-month last')]//div[contains(@class,'datepick-month-header')]"}
2014-дек-13 -> 12:14:06: Object reference not set to an instance of an object.
2014-дек-13 -> 12:14:16: Unable to locate element: {"method":"xpath","selector":"//a[contains(@class,'datepick-cmd-prev')]"}
2014-дек-13 -> 12:14:16: Object reference not set to an instance of an object.
2014-дек-13 -> 12:14:26: Unable to locate element: {"method":"xpath","selector":"//div[contains(@class,'datepick-popup')]//div[contains(@class,'datepick-month first')]//div[contains(@class,'datepick-month-header')]"}
2014-дек-13 -> 12:14:26: Object reference not set to an instance of an object.
2014-дек-13 -> 12:14:37: Unable to locate element: {"method":"xpath","selector":"//div[contains(@class,'datepick-popup')]//div[contains(@class,'datepick-month last')]//div[contains(@class,'datepick-month-header')]"}
2014-дек-13 -> 12:14:37: Object reference not set to an instance of an object.
2014-дек-13 -> 12:14:47: Unable to locate element: {"method":"xpath","selector":"//a[contains(@class,'datepick-cmd-prev')]"}
2014-дек-13 -> 12:14:47: Object reference not set to an instance of an object.
2014-дек-13 -> 12:14:57: Unable to locate element: {"method":"xpath","selector":"//div[contains(@class,'datepick-popup')]//div[contains(@class,'datepick-month first')]//div[contains(@class,'datepick-month-header')]"}
2014-дек-13 -> 12:14:57: Object reference not set to an instance of an object.
2014-дек-13 -> 12:15:07: Unable to locate element: {"method":"xpath","selector":"//div[contains(@class,'datepick-popup')]//div[contains(@class,'datepick-month last')]//div[contains(@class,'datepick-month-header')]"}
2014-дек-13 -> 12:15:07: Object reference not set to an instance of an object.
2014-дек-13 -> 12:15:17: Unable to locate element: {"method":"xpath","selector":"//a[contains(@class,'datepick-cmd-prev')]"}
2014-дек-13 -> 12:15:17: Object reference not set to an instance of an object.
2014-дек-13 -> 12:15:28: Unable to locate element: {"method":"xpath","selector":"//div[contains(@class,'datepick-popup')]//div[contains(@class,'datepick-month first')]//div[contains(@class,'datepick-month-header')]"}
2014-дек-13 -> 12:15:28: Object reference not set to an instance of an object.
2014-дек-13 -> 12:15:38: Unable to locate element: {"method":"xpath","selector":"//div[contains(@class,'datepick-popup')]//div[contains(@class,'datepick-month last')]//div[contains(@class,'datepick-month-header')]"}
2014-дек-13 -> 12:15:38: Object reference not set to an instance of an object.
2014-дек-13 -> 12:15:48: Unable to locate element: {"method":"xpath","selector":"//a[contains(@class,'datepick-cmd-prev')]"}
2014-дек-13 -> 12:15:48: Object reference not set to an instance of an object.
2014-дек-13 -> 12:15:58: Unable to locate element: {"method":"xpath","selector":"//div[contains(@class,'datepick-popup')]//div[contains(@class,'datepick-month first')]//div[contains(@class,'datepick-month-header')]"}
2014-дек-13 -> 12:15:58: Object reference not set to an instance of an object.
2014-дек-13 -> 12:16:08: Unable to locate element: {"method":"xpath","selector":"//div[contains(@class,'datepick-popup')]//div[contains(@class,'datepick-month last')]//div[contains(@class,'datepick-month-header')]"}
2014-дек-13 -> 12:16:08: Object reference not set to an instance of an object.
2014-дек-13 -> 12:16:19: Unable to locate element: {"method":"xpath","selector":"//a[contains(@class,'datepick-cmd-prev')]"}
2014-дек-13 -> 12:16:19: Object reference not set to an instance of an object.
2014-дек-13 -> 12:16:29: Unable to locate element: {"method":"xpath","selector":"//div[contains(@class,'datepick-popup')]//div[contains(@class,'datepick-month first')]//div[contains(@class,'datepick-month-header')]"}
2014-дек-13 -> 12:16:29: Object reference not set to an instance of an object.
2014-дек-13 -> 12:16:39: Unable to locate element: {"method":"xpath","selector":"//div[contains(@class,'datepick-popup')]//div[contains(@class,'datepick-month last')]//div[contains(@class,'datepick-month-header')]"}
2014-дек-13 -> 12:16:39: Object reference not set to an instance of an object.
2014-дек-13 -> 12:16:49: Unable to locate element: {"method":"xpath","selector":"//a[contains(@class,'datepick-cmd-prev')]"}
2014-дек-13 -> 12:16:49: Object reference not set to an instance of an object.
2014-дек-13 -> 12:16:59: Unable to locate element: {"method":"xpath","selector":"//div[contains(@class,'datepick-popup')]//div[contains(@class,'datepick-month first')]//div[contains(@class,'datepick-month-header')]"}
2014-дек-13 -> 12:16:59: Object reference not set to an instance of an object.
2014-дек-13 -> 12:17:09: Unable to locate element: {"method":"xpath","selector":"//div[contains(@class,'datepick-popup')]//div[contains(@class,'datepick-month last')]//div[contains(@class,'datepick-month-header')]"}
2014-дек-13 -> 12:17:09: Object reference not set to an instance of an object.
2014-дек-13 -> 12:17:19: Unable to locate element: {"method":"xpath","selector":"//a[contains(@class,'datepick-cmd-prev')]"}
2014-дек-13 -> 12:17:19: Object reference not set to an instance of an object.
2014-дек-13 -> 12:17:30: Unable to locate element: {"method":"xpath","selector":"//div[contains(@class,'datepick-popup')]//div[contains(@class,'datepick-month first')]//div[contains(@class,'datepick-month-header')]"}
2014-дек-13 -> 12:17:30: Object reference not set to an instance of an object.
2014-дек-13 -> 12:17:40: Unable to locate element: {"method":"xpath","selector":"//div[contains(@class,'datepick-popup')]//div[contains(@class,'datepick-month last')]//div[contains(@class,'datepick-month-header')]"}
2014-дек-13 -> 12:17:40: Object reference not set to an instance of an object.
2014-дек-13 -> 12:17:50: Unable to locate element: {"method":"xpath","selector":"//a[contains(@class,'datepick-cmd-prev')]"}
2014-дек-13 -> 12:17:50: Object reference not set to an instance of an object.
2014-дек-13 -> 12:18:01: Unable to locate element: {"method":"xpath","selector":"//div[contains(@class,'datepick-popup')]//div[contains(@class,'datepick-month first')]//div[contains(@class,'datepick-month-header')]"}
2014-дек-13 -> 12:18:01: Object reference not set to an instance of an object.
2014-дек-13 -> 12:18:11: Unable to locate element: {"method":"xpath","selector":"//div[contains(@class,'datepick-popup')]//div[contains(@class,'datepick-month last')]//div[contains(@class,'datepick-month-header')]"}
2014-дек-13 -> 12:18:11: Object reference not set to an instance of an object.
2014-дек-13 -> 12:18:21: Unable to locate element: {"method":"xpath","selector":"//a[contains(@class,'datepick-cmd-prev')]"}
2014-дек-13 -> 12:18:21: Object reference not set to an instance of an object.
2014-дек-13 -> 12:18:31: Unable to locate element: {"method":"xpath","selector":"//div[contains(@class,'datepick-popup')]//div[contains(@class,'datepick-month first')]//div[contains(@class,'datepick-month-header')]"}
2014-дек-13 -> 12:18:31: Object reference not set to an instance of an object.
2014-дек-13 -> 12:18:41: Unable to locate element: {"method":"xpath","selector":"//div[contains(@class,'datepick-popup')]//div[contains(@class,'datepick-month last')]//div[contains(@class,'datepick-month-header')]"}
2014-дек-13 -> 12:18:41: Object reference not set to an instance of an object.
2014-дек-13 -> 12:18:51: Unable to locate element: {"method":"xpath","selector":"//a[contains(@class,'datepick-cmd-prev')]"}
2014-дек-13 -> 12:18:51: Object reference not set to an instance of an object.
2014-дек-13 -> 12:19:01: Unable to locate element: {"method":"xpath","selector":"//div[contains(@class,'datepick-popup')]//div[contains(@class,'datepick-month first')]//div[contains(@class,'datepick-month-header')]"}
2014-дек-13 -> 12:19:01: Object reference not set to an instance of an object.
2014-дек-13 -> 12:19:11: Unable to locate element: {"method":"xpath","selector":"//div[contains(@class,'datepick-popup')]//div[contains(@class,'datepick-month last')]//div[contains(@class,'datepick-month-header')]"}
2014-дек-13 -> 12:19:11: Object reference not set to an instance of an object.
2014-дек-13 -> 12:19:21: Unable to locate element: {"method":"xpath","selector":"//a[contains(@class,'datepick-cmd-prev')]"}
2014-дек-13 -> 12:19:21: Object reference not set to an instance of an object.
2014-дек-13 -> 12:19:33: Unable to locate element: {"method":"xpath","selector":"//div[contains(@class,'datepick-popup')]//div[contains(@class,'datepick-month first')]//div[contains(@class,'datepick-month-header')]"}
2014-дек-13 -> 12:19:33: Object reference not set to an instance of an object.
2014-дек-13 -> 12:19:43: Unable to locate element: {"method":"xpath","selector":"//div[contains(@class,'datepick-popup')]//div[contains(@class,'datepick-month last')]//div[contains(@class,'datepick-month-header')]"}
2014-дек-13 -> 12:19:43: Object reference not set to an instance of an object.
2014-дек-13 -> 12:19:53: Unable to locate element: {"method":"xpath","selector":"//a[contains(@class,'datepick-cmd-prev')]"}
2014-дек-13 -> 12:19:53: Object reference not set to an instance of an object.
2014-дек-13 -> 12:20:03: Unable to locate element: {"method":"xpath","selector":"//div[contains(@class,'datepick-popup')]//div[contains(@class,'datepick-month first')]//div[contains(@class,'datepick-month-header')]"}
2014-дек-13 -> 12:20:03: Object reference not set to an instance of an object.
2014-дек-13 -> 12:20:13: Unable to locate element: {"method":"xpath","selector":"//div[contains(@class,'datepick-popup')]//div[contains(@class,'datepick-month last')]//div[contains(@class,'datepick-month-header')]"}
2014-дек-13 -> 12:20:13: Object reference not set to an instance of an object.
2014-дек-13 -> 12:20:23: Unable to locate element: {"method":"xpath","selector":"//a[contains(@class,'datepick-cmd-prev')]"}
2014-дек-13 -> 12:20:23: Object reference not set to an instance of an object.
2014-дек-13 -> 12:20:33: Unable to locate element: {"method":"xpath","selector":"//div[contains(@class,'datepick-popup')]//div[contains(@class,'datepick-month first')]//div[contains(@class,'datepick-month-header')]"}
2014-дек-13 -> 12:20:33: Object reference not set to an instance of an object.
2014-дек-13 -> 12:20:43: Unable to locate element: {"method":"xpath","selector":"//div[contains(@class,'datepick-popup')]//div[contains(@class,'datepick-month last')]//div[contains(@class,'datepick-month-header')]"}
2014-дек-13 -> 12:20:43: Object reference not set to an instance of an object.
2014-дек-13 -> 12:20:53: Unable to locate element: {"method":"xpath","selector":"//a[contains(@class,'datepick-cmd-prev')]"}
2014-дек-13 -> 12:20:53: Object reference not set to an instance of an object.
2014-дек-13 -> 12:21:03: Unable to locate element: {"method":"xpath","selector":"//div[contains(@class,'datepick-popup')]//div[contains(@class,'datepick-month first')]//div[contains(@class,'datepick-month-header')]"}
2014-дек-13 -> 12:21:03: Object reference not set to an instance of an object.
2014-дек-13 -> 12:21:13: Unable to locate element: {"method":"xpath","selector":"//div[contains(@class,'datepick-popup')]//div[contains(@class,'datepick-month last')]//div[contains(@class,'datepick-month-header')]"}
2014-дек-13 -> 12:21:13: Object reference not set to an instance of an object.
2014-дек-13 -> 12:21:24: Unable to locate element: {"method":"xpath","selector":"//a[contains(@class,'datepick-cmd-prev')]"}
2014-дек-13 -> 12:21:24: Object reference not set to an instance of an object.
2014-дек-13 -> 12:21:35: Unable to locate element: {"method":"xpath","selector":"//div[contains(@class,'datepick-popup')]//div[contains(@class,'datepick-month first')]//div[contains(@class,'datepick-month-header')]"}
2014-дек-13 -> 12:21:35: Object reference not set to an instance of an object.
2014-дек-13 -> 12:21:45: Unable to locate element: {"method":"xpath","selector":"//div[contains(@class,'datepick-popup')]//div[contains(@class,'datepick-month last')]//div[contains(@class,'datepick-month-header')]"}
2014-дек-13 -> 12:21:45: Object reference not set to an instance of an object.
2014-дек-13 -> 12:21:55: Unable to locate element: {"method":"xpath","selector":"//a[contains(@class,'datepick-cmd-prev')]"}
2014-дек-13 -> 12:21:55: Object reference not set to an instance of an object.
2014-дек-13 -> 12:22:05: Unable to locate element: {"method":"xpath","selector":"//div[contains(@class,'datepick-popup')]//div[contains(@class,'datepick-month first')]//div[contains(@class,'datepick-month-header')]"}
2014-дек-13 -> 12:22:05: Object reference not set to an instance of an object.
2014-дек-13 -> 12:22:15: Unable to locate element: {"method":"xpath","selector":"//div[contains(@class,'datepick-popup')]//div[contains(@class,'datepick-month last')]//div[contains(@class,'datepick-month-header')]"}
2014-дек-13 -> 12:22:15: Object reference not set to an instance of an object.
2014-дек-13 -> 12:22:25: Unable to locate element: {"method":"xpath","selector":"//a[contains(@class,'datepick-cmd-prev')]"}
2014-дек-13 -> 12:22:25: Object reference not set to an instance of an object.
2014-дек-13 -> 12:22:35: Unable to locate element: {"method":"xpath","selector":"//div[contains(@class,'datepick-popup')]//div[contains(@class,'datepick-month first')]//div[contains(@class,'datepick-month-header')]"}
2014-дек-13 -> 12:22:35: Object reference not set to an instance of an object.
2014-дек-13 -> 12:22:45: Unable to locate element: {"method":"xpath","selector":"//div[contains(@class,'datepick-popup')]//div[contains(@class,'datepick-month last')]//div[contains(@class,'datepick-month-header')]"}
2014-дек-13 -> 12:22:45: Object reference not set to an instance of an object.
2014-дек-13 -> 12:22:55: Unable to locate element: {"method":"xpath","selector":"//a[contains(@class,'datepick-cmd-prev')]"}
2014-дек-13 -> 12:22:55: Object reference not set to an instance of an object.
2014-дек-13 -> 12:23:06: Unable to locate element: {"method":"xpath","selector":"//div[contains(@class,'datepick-popup')]//div[contains(@class,'datepick-month first')]//div[contains(@class,'datepick-month-header')]"}
2014-дек-13 -> 12:23:06: Object reference not set to an instance of an object.
2014-дек-13 -> 12:23:16: Unable to locate element: {"method":"xpath","selector":"//div[contains(@class,'datepick-popup')]//div[contains(@class,'datepick-month last')]//div[contains(@class,'datepick-month-header')]"}
2014-дек-13 -> 12:23:16: Object reference not set to an instance of an object.
2014-дек-13 -> 12:23:26: Unable to locate element: {"method":"xpath","selector":"//a[contains(@class,'datepick-cmd-prev')]"}
2014-дек-13 -> 12:23:26: Object reference not set to an instance of an object.
2014-дек-13 -> 12:23:37: Unable to locate element: {"method":"xpath","selector":"//div[contains(@class,'datepick-popup')]//div[contains(@class,'datepick-month first')]//div[contains(@class,'datepick-month-header')]"}
2014-дек-13 -> 12:23:37: Object reference not set to an instance of an object.
2014-дек-13 -> 12:23:47: Unable to locate element: {"method":"xpath","selector":"//div[contains(@class,'datepick-popup')]//div[contains(@class,'datepick-month last')]//div[contains(@class,'datepick-month-header')]"}
2014-дек-13 -> 12:23:47: Object reference not set to an instance of an object.
2014-дек-13 -> 12:23:57: Unable to locate element: {"method":"xpath","selector":"//a[contains(@class,'datepick-cmd-prev')]"}
2014-дек-13 -> 12:23:57: Object reference not set to an instance of an object.
2014-дек-13 -> 12:24:07: Unable to locate element: {"method":"xpath","selector":"//div[contains(@class,'datepick-popup')]//div[contains(@class,'datepick-month first')]//div[contains(@class,'datepick-month-header')]"}
2014-дек-13 -> 12:24:07: Object reference not set to an instance of an object.
2014-дек-13 -> 12:24:17: Unable to locate element: {"method":"xpath","selector":"//div[contains(@class,'datepick-popup')]//div[contains(@class,'datepick-month last')]//div[contains(@class,'datepick-month-header')]"}
2014-дек-13 -> 12:24:17: Object reference not set to an instance of an object.
2014-дек-13 -> 12:24:27: Unable to locate element: {"method":"xpath","selector":"//a[contains(@class,'datepick-cmd-prev')]"}
2014-дек-13 -> 12:24:27: Object reference not set to an instance of an object.
2014-дек-13 -> 12:24:37: Unable to locate element: {"method":"xpath","selector":"//div[contains(@class,'datepick-popup')]//div[contains(@class,'datepick-month first')]//div[contains(@class,'datepick-month-header')]"}
2014-дек-13 -> 12:24:37: Object reference not set to an instance of an object.
2014-дек-13 -> 12:24:48: Unable to locate element: {"method":"xpath","selector":"//div[contains(@class,'datepick-popup')]//div[contains(@class,'datepick-month last')]//div[contains(@class,'datepick-month-header')]"}
2014-дек-13 -> 12:24:48: Object reference not set to an instance of an object.
2014-дек-13 -> 12:24:58: Unable to locate element: {"method":"xpath","selector":"//a[contains(@class,'datepick-cmd-prev')]"}
2014-дек-13 -> 12:24:58: Object reference not set to an instance of an object.
2014-дек-13 -> 12:25:08: Unable to locate element: {"method":"xpath","selector":"//div[contains(@class,'datepick-popup')]//div[contains(@class,'datepick-month first')]//div[contains(@class,'datepick-month-header')]"}
2014-дек-13 -> 12:25:08: Object reference not set to an instance of an object.
2014-дек-13 -> 12:25:18: Unable to locate element: {"method":"xpath","selector":"//div[contains(@class,'datepick-popup')]//div[contains(@class,'datepick-month last')]//div[contains(@class,'datepick-month-header')]"}
2014-дек-13 -> 12:25:18: Object reference not set to an instance of an object.
2014-дек-13 -> 12:25:28: Unable to locate element: {"method":"xpath","selector":"//a[contains(@class,'datepick-cmd-prev')]"}
2014-дек-13 -> 12:25:28: Object reference not set to an instance of an object.
2014-дек-13 -> 12:25:39: Unable to locate element: {"method":"xpath","selector":"//div[contains(@class,'datepick-popup')]//div[contains(@class,'datepick-month first')]//div[contains(@class,'datepick-month-header')]"}
2014-дек-13 -> 12:25:39: Object reference not set to an instance of an object.
2014-дек-13 -> 12:25:49: Unable to locate element: {"method":"xpath","selector":"//div[contains(@class,'datepick-popup')]//div[contains(@class,'datepick-month last')]//div[contains(@class,'datepick-month-header')]"}
2014-дек-13 -> 12:25:49: Object reference not set to an instance of an object.
2014-дек-13 -> 12:25:59: Unable to locate element: {"method":"xpath","selector":"//a[contains(@class,'datepick-cmd-prev')]"}
2014-дек-13 -> 12:25:59: Object reference not set to an instance of an object.
2014-дек-13 -> 12:26:09: Unable to locate element: {"method":"xpath","selector":"//div[contains(@class,'datepick-popup')]//div[contains(@class,'datepick-month first')]//div[contains(@class,'datepick-month-header')]"}
2014-дек-13 -> 12:26:09: Object reference not set to an instance of an object.
2014-дек-13 -> 12:26:19: Unable to locate element: {"method":"xpath","selector":"//div[contains(@class,'datepick-popup')]//div[contains(@class,'datepick-month last')]//div[contains(@class,'datepick-month-header')]"}
2014-дек-13 -> 12:26:19: Object reference not set to an instance of an object.
2014-дек-13 -> 12:26:30: Unable to locate element: {"method":"xpath","selector":"//a[contains(@class,'datepick-cmd-prev')]"}
2014-дек-13 -> 12:26:30: Object reference not set to an instance of an object.
2014-дек-13 -> 12:26:40: Unable to locate element: {"method":"xpath","selector":"//div[contains(@class,'datepick-popup')]//div[contains(@class,'datepick-month first')]//div[contains(@class,'datepick-month-header')]"}
2014-дек-13 -> 12:26:40: Object reference not set to an instance of an object.
2014-дек-13 -> 12:26:50: Unable to locate element: {"method":"xpath","selector":"//div[contains(@class,'datepick-popup')]//div[contains(@class,'datepick-month last')]//div[contains(@class,'datepick-month-header')]"}
2014-дек-13 -> 12:26:50: Object reference not set to an instance of an object.
2014-дек-13 -> 12:27:00: Unable to locate element: {"method":"xpath","selector":"//a[contains(@class,'datepick-cmd-prev')]"}
2014-дек-13 -> 12:27:00: Object reference not set to an instance of an object.
2014-дек-13 -> 12:27:10: Unable to locate element: {"method":"xpath","selector":"//div[contains(@class,'datepick-popup')]//div[contains(@class,'datepick-month first')]//div[contains(@class,'datepick-month-header')]"}
2014-дек-13 -> 12:27:10: Object reference not set to an instance of an object.
2014-дек-13 -> 12:27:20: Unable to locate element: {"method":"xpath","selector":"//div[contains(@class,'datepick-popup')]//div[contains(@class,'datepick-month last')]//div[contains(@class,'datepick-month-header')]"}
2014-дек-13 -> 12:27:20: Object reference not set to an instance of an object.
2014-дек-13 -> 12:27:30: Unable to locate element: {"method":"xpath","selector":"//a[contains(@class,'datepick-cmd-prev')]"}
2014-дек-13 -> 12:27:30: Object reference not set to an instance of an object.
2014-дек-13 -> 12:27:41: Unable to locate element: {"method":"xpath","selector":"//div[contains(@class,'datepick-popup')]//div[contains(@class,'datepick-month first')]//div[contains(@class,'datepick-month-header')]"}
2014-дек-13 -> 12:27:41: Object reference not set to an instance of an object.
2014-дек-13 -> 12:27:51: Unable to locate element: {"method":"xpath","selector":"//div[contains(@class,'datepick-popup')]//div[contains(@class,'datepick-month last')]//div[contains(@class,'datepick-month-header')]"}
2014-дек-13 -> 12:27:51: Object reference not set to an instance of an object.
2014-дек-13 -> 12:28:01: Unable to locate element: {"method":"xpath","selector":"//a[contains(@class,'datepick-cmd-prev')]"}
2014-дек-13 -> 12:28:01: Object reference not set to an instance of an object.
2014-дек-13 -> 12:28:11: Unable to locate element: {"method":"xpath","selector":"//div[contains(@class,'datepick-popup')]//div[contains(@class,'datepick-month first')]//div[contains(@class,'datepick-month-header')]"}
2014-дек-13 -> 12:28:11: Object reference not set to an instance of an object.
2014-дек-13 -> 12:28:22: Unable to locate element: {"method":"xpath","selector":"//div[contains(@class,'datepick-popup')]//div[contains(@class,'datepick-month last')]//div[contains(@class,'datepick-month-header')]"}
2014-дек-13 -> 12:28:22: Object reference not set to an instance of an object.
2014-дек-13 -> 12:28:32: Unable to locate element: {"method":"xpath","selector":"//a[contains(@class,'datepick-cmd-prev')]"}
2014-дек-13 -> 12:28:32: Object reference not set to an instance of an object.
2014-дек-13 -> 12:28:42: Unable to locate element: {"method":"xpath","selector":"//div[contains(@class,'datepick-popup')]//div[contains(@class,'datepick-month first')]//div[contains(@class,'datepick-month-header')]"}
2014-дек-13 -> 12:28:42: Object reference not set to an instance of an object.
2014-дек-13 -> 12:28:52: Unable to locate element: {"method":"xpath","selector":"//div[contains(@class,'datepick-popup')]//div[contains(@class,'datepick-month last')]//div[contains(@class,'datepick-month-header')]"}
2014-дек-13 -> 12:28:52: Object reference not set to an instance of an object.
2014-дек-13 -> 12:29:02: Unable to locate element: {"method":"xpath","selector":"//a[contains(@class,'datepick-cmd-prev')]"}
2014-дек-13 -> 12:29:02: Object reference not set to an instance of an object.
2014-дек-13 -> 12:29:12: Unable to locate element: {"method":"xpath","selector":"//div[contains(@class,'datepick-popup')]//div[contains(@class,'datepick-month first')]//div[contains(@class,'datepick-month-header')]"}
2014-дек-13 -> 12:29:12: Object reference not set to an instance of an object.
2014-дек-13 -> 12:29:22: Unable to locate element: {"method":"xpath","selector":"//div[contains(@class,'datepick-popup')]//div[contains(@class,'datepick-month last')]//div[contains(@class,'datepick-month-header')]"}
2014-дек-13 -> 12:29:22: Object reference not set to an instance of an object.
2014-дек-13 -> 12:29:32: Unable to locate element: {"method":"xpath","selector":"//a[contains(@class,'datepick-cmd-prev')]"}
2014-дек-13 -> 12:29:32: Object reference not set to an instance of an object.
2014-дек-13 -> 12:29:43: Unable to locate element: {"method":"xpath","selector":"//div[contains(@class,'datepick-popup')]//div[contains(@class,'datepick-month first')]//div[contains(@class,'datepick-month-header')]"}
2014-дек-13 -> 12:29:43: Object reference not set to an instance of an object.
2014-дек-13 -> 12:29:54: Unable to locate element: {"method":"xpath","selector":"//div[contains(@class,'datepick-popup')]//div[contains(@class,'datepick-month last')]//div[contains(@class,'datepick-month-header')]"}
2014-дек-13 -> 12:29:54: Object reference not set to an instance of an object.
2014-дек-13 -> 12:30:04: Unable to locate element: {"method":"xpath","selector":"//a[contains(@class,'datepick-cmd-prev')]"}
2014-дек-13 -> 12:30:04: Object reference not set to an instance of an object.
2014-дек-13 -> 12:30:14: Unable to locate element: {"method":"xpath","selector":"//div[contains(@class,'datepick-popup')]//div[contains(@class,'datepick-month first')]//div[contains(@class,'datepick-month-header')]"}
2014-дек-13 -> 12:30:14: Object reference not set to an instance of an object.
2014-дек-13 -> 12:30:24: Unable to locate element: {"method":"xpath","selector":"//div[contains(@class,'datepick-popup')]//div[contains(@class,'datepick-month last')]//div[contains(@class,'datepick-month-header')]"}
2014-дек-13 -> 12:30:24: Object reference not set to an instance of an object.
